<?xml version="1.0" encoding="UTF-8"?>
<coverage generated="1521237863007" clover="3.2.0">
  <project timestamp="1521237863007" name="All files">
    <metrics statements="17" coveredstatements="17" conditionals="28" coveredconditionals="18" methods="14" coveredmethods="12" elements="59" coveredelements="47" complexity="0" loc="17" ncloc="17" packages="3" files="3" classes="3">
      <package name="plugin-select">
        <metrics statements="3" coveredstatements="3" conditionals="0" coveredconditionals="0" methods="0" coveredmethods="0"/>
        <file name="jestSetupFile.js" path="/Users/slavek/seznam/IMA.js/ima-plugins/packages/plugin-select/jestSetupFile.js">
          <metrics statements="3" coveredstatements="3" conditionals="0" coveredconditionals="0" methods="0" coveredmethods="0"/>
          <line num="1" count="2" type="stmt"/>
          <line num="2" count="2" type="stmt"/>
          <line num="4" count="2" type="stmt"/>
        </file>
      </package>
      <package name="plugin-select.src">
        <metrics statements="3" coveredstatements="3" conditionals="4" coveredconditionals="3" methods="2" coveredmethods="1"/>
        <file name="main.js" path="/Users/slavek/seznam/IMA.js/ima-plugins/packages/plugin-select/src/main.js">
          <metrics statements="3" coveredstatements="3" conditionals="4" coveredconditionals="3" methods="2" coveredmethods="1"/>
          <line num="1" count="1" type="cond" truecount="3" falsecount="1"/>
          <line num="6" count="1" type="stmt"/>
          <line num="10" count="1" type="stmt"/>
        </file>
      </package>
      <package name="plugin-select.src.select">
        <metrics statements="11" coveredstatements="11" conditionals="24" coveredconditionals="15" methods="12" coveredmethods="11"/>
        <file name="select.jsx" path="/Users/slavek/seznam/IMA.js/ima-plugins/packages/plugin-select/src/select/select.jsx">
          <metrics statements="11" coveredstatements="11" conditionals="24" coveredconditionals="15" methods="12" coveredmethods="11"/>
          <line num="1" count="2" type="cond" truecount="1" falsecount="3"/>
          <line num="7" count="2" type="stmt"/>
          <line num="33" count="6" type="cond" truecount="7" falsecount="5"/>
          <line num="34" count="3" type="stmt"/>
          <line num="36" count="6" type="stmt"/>
          <line num="37" count="5" type="cond" truecount="1" falsecount="1"/>
          <line num="38" count="5" type="cond" truecount="2" falsecount="0"/>
          <line num="44" count="1" type="stmt"/>
          <line num="49" count="4" type="stmt"/>
          <line num="51" count="4" type="stmt"/>
          <line num="55" count="2" type="stmt"/>
        </file>
      </package>
    </metrics>
  </project>
</coverage>
