{"/Users/slavek/seznam/IMA.js/ima-plugins/packages/plugin-select/jestSetupFile.js": {"path":"/Users/slavek/seznam/IMA.js/ima-plugins/packages/plugin-select/jestSetupFile.js","statementMap":{"0":{"start":{"line":1,"column":28},"end":{"line":1,"column":45}},"1":{"start":{"line":2,"column":16},"end":{"line":2,"column":50}},"2":{"start":{"line":4,"column":0},"end":{"line":4,"column":45}}},"fnMap":{},"branchMap":{},"s":{"0":2,"1":2,"2":2},"f":{},"b":{},"_coverageSchema":"332fd63041d2c1bcb487cc26dd0d5f7d97098a6c","hash":"114b6d77990c45e5fa1b0db2adf085366a7f6cf4"}
,"/Users/slavek/seznam/IMA.js/ima-plugins/packages/plugin-select/src/main.js": {"path":"/Users/slavek/seznam/IMA.js/ima-plugins/packages/plugin-select/src/main.js","statementMap":{"0":{"start":{"line":1,"column":13},"end":{"line":1,"column":75}},"1":{"start":{"line":1,"column":75},"end":{"line":1,"column":131}},"2":{"start":{"line":1,"column":145},"end":{"line":1,"column":171}},"3":{"start":{"line":1,"column":187},"end":{"line":1,"column":218}},"4":{"start":{"line":1,"column":257},"end":{"line":1,"column":311}},"5":{"start":{"line":6,"column":1},"end":{"line":6,"column":36}},"6":{"start":{"line":6,"column":36},"end":{"line":10,"column":40}},"7":{"start":{"line":10,"column":40},"end":{"line":10,"column":74}}},"fnMap":{"0":{"name":"_interopRequireDefault","decl":{"start":{"line":1,"column":228},"end":{"line":1,"column":250}},"loc":{"start":{"line":1,"column":256},"end":{"line":1,"column":312}},"line":1},"1":{"name":"$registerImaPlugin","decl":{"start":{"line":3,"column":9},"end":{"line":3,"column":27}},"loc":{"start":{"line":3,"column":30},"end":{"line":6,"column":1}},"line":3}},"branchMap":{"0":{"loc":{"start":{"line":1,"column":264},"end":{"line":1,"column":310}},"type":"cond-expr","locations":[{"start":{"line":1,"column":288},"end":{"line":1,"column":291}},{"start":{"line":1,"column":294},"end":{"line":1,"column":310}}],"line":1},"1":{"loc":{"start":{"line":1,"column":264},"end":{"line":1,"column":285}},"type":"binary-expr","locations":[{"start":{"line":1,"column":264},"end":{"line":1,"column":267}},{"start":{"line":1,"column":271},"end":{"line":1,"column":285}}],"line":1}},"s":{"0":1,"1":1,"2":1,"3":1,"4":1,"5":1,"6":1,"7":1},"f":{"0":1,"1":0},"b":{"0":[1,0],"1":[1,1]},"_coverageSchema":"332fd63041d2c1bcb487cc26dd0d5f7d97098a6c","hash":"8cc0610d6b19e6a83c64a2ec1dc97654fcc85413"}
,"/Users/slavek/seznam/IMA.js/ima-plugins/packages/plugin-select/src/select/select.jsx": {"path":"/Users/slavek/seznam/IMA.js/ima-plugins/packages/plugin-select/src/select/select.jsx","statementMap":{"0":{"start":{"line":1,"column":13},"end":{"line":1,"column":75}},"1":{"start":{"line":1,"column":90},"end":{"line":1,"column":321}},"2":{"start":{"line":1,"column":126},"end":{"line":1,"column":306}},"3":{"start":{"line":1,"column":183},"end":{"line":1,"column":195}},"4":{"start":{"line":1,"column":196},"end":{"line":1,"column":305}},"5":{"start":{"line":1,"column":221},"end":{"line":1,"column":304}},"6":{"start":{"line":1,"column":277},"end":{"line":1,"column":303}},"7":{"start":{"line":1,"column":306},"end":{"line":1,"column":320}},"8":{"start":{"line":1,"column":322},"end":{"line":7,"column":7}},"9":{"start":{"line":7,"column":7},"end":{"line":33,"column":42}},"10":{"start":{"line":33,"column":70},"end":{"line":33,"column":104}},"11":{"start":{"line":33,"column":134},"end":{"line":33,"column":179}},"12":{"start":{"line":33,"column":209},"end":{"line":33,"column":250}},"13":{"start":{"line":33,"column":281},"end":{"line":33,"column":327}},"14":{"start":{"line":33,"column":352},"end":{"line":33,"column":388}},"15":{"start":{"line":33,"column":403},"end":{"line":33,"column":445}},"16":{"start":{"line":33,"column":459},"end":{"line":33,"column":475}},"17":{"start":{"line":33,"column":490},"end":{"line":33,"column":520}},"18":{"start":{"line":33,"column":537},"end":{"line":33,"column":556}},"19":{"start":{"line":33,"column":596},"end":{"line":33,"column":812}},"20":{"start":{"line":33,"column":624},"end":{"line":33,"column":635}},"21":{"start":{"line":33,"column":656},"end":{"line":33,"column":658}},"22":{"start":{"line":33,"column":659},"end":{"line":33,"column":776}},"23":{"start":{"line":33,"column":677},"end":{"line":33,"column":775}},"24":{"start":{"line":33,"column":699},"end":{"line":33,"column":774}},"25":{"start":{"line":33,"column":751},"end":{"line":33,"column":774}},"26":{"start":{"line":33,"column":776},"end":{"line":33,"column":797}},"27":{"start":{"line":33,"column":797},"end":{"line":33,"column":811}},"28":{"start":{"line":33,"column":851},"end":{"line":33,"column":905}},"29":{"start":{"line":33,"column":959},"end":{"line":33,"column":992}},"30":{"start":{"line":33,"column":993},"end":{"line":33,"column":1406}},"31":{"start":{"line":33,"column":1100},"end":{"line":33,"column":1137}},"32":{"start":{"line":33,"column":1167},"end":{"line":33,"column":1189}},"33":{"start":{"line":33,"column":1217},"end":{"line":33,"column":1236}},"34":{"start":{"line":33,"column":1237},"end":{"line":33,"column":1323}},"35":{"start":{"line":33,"column":1325},"end":{"line":33,"column":1385}},"36":{"start":{"line":33,"column":1385},"end":{"line":33,"column":1404}},"37":{"start":{"line":34,"column":2},"end":{"line":56,"column":5}},"38":{"start":{"line":36,"column":4},"end":{"line":52,"column":6}},"39":{"start":{"line":37,"column":6},"end":{"line":48,"column":7}},"40":{"start":{"line":38,"column":8},"end":{"line":47,"column":9}},"41":{"start":{"line":44,"column":10},"end":{"line":45,"column":127}},"42":{"start":{"line":49,"column":20},"end":{"line":49,"column":81}},"43":{"start":{"line":51,"column":6},"end":{"line":51,"column":56}},"44":{"start":{"line":55,"column":4},"end":{"line":55,"column":38}}},"fnMap":{"0":{"name":"(anonymous_0)","decl":{"start":{"line":1,"column":107},"end":{"line":1,"column":108}},"loc":{"start":{"line":1,"column":125},"end":{"line":1,"column":321}},"line":1},"1":{"name":"_interopRequireWildcard","decl":{"start":{"line":33,"column":566},"end":{"line":33,"column":589}},"loc":{"start":{"line":33,"column":595},"end":{"line":33,"column":813}},"line":33},"2":{"name":"_interopRequireDefault","decl":{"start":{"line":33,"column":822},"end":{"line":33,"column":844}},"loc":{"start":{"line":33,"column":850},"end":{"line":33,"column":906}},"line":33},"3":{"name":"select","decl":{"start":{"line":33,"column":915},"end":{"line":33,"column":921}},"loc":{"start":{"line":33,"column":936},"end":{"line":33,"column":1407}},"line":33},"4":{"name":"(anonymous_4)","decl":{"start":{"line":33,"column":1000},"end":{"line":33,"column":1001}},"loc":{"start":{"line":33,"column":1013},"end":{"line":33,"column":1405}},"line":33},"5":{"name":"(anonymous_5)","decl":{"start":{"line":33,"column":1073},"end":{"line":33,"column":1074}},"loc":{"start":{"line":33,"column":1099},"end":{"line":33,"column":1138}},"line":33},"6":{"name":"(anonymous_6)","decl":{"start":{"line":33,"column":1138},"end":{"line":33,"column":1139}},"loc":{"start":{"line":33,"column":1166},"end":{"line":33,"column":1190}},"line":33},"7":{"name":"(anonymous_7)","decl":{"start":{"line":33,"column":1190},"end":{"line":33,"column":1191}},"loc":{"start":{"line":33,"column":1199},"end":{"line":33,"column":1324}},"line":33},"8":{"name":"createStateSelector","decl":{"start":{"line":33,"column":1416},"end":{"line":33,"column":1435}},"loc":{"start":{"line":33,"column":1450},"end":{"line":58,"column":1}},"line":33},"9":{"name":"(anonymous_9)","decl":{"start":{"line":35,"column":19},"end":{"line":35,"column":20}},"loc":{"start":{"line":35,"column":31},"end":{"line":53,"column":3}},"line":35},"10":{"name":"(anonymous_10)","decl":{"start":{"line":36,"column":11},"end":{"line":36,"column":12}},"loc":{"start":{"line":36,"column":32},"end":{"line":52,"column":5}},"line":36},"11":{"name":"(anonymous_11)","decl":{"start":{"line":54,"column":2},"end":{"line":54,"column":3}},"loc":{"start":{"line":54,"column":15},"end":{"line":56,"column":3}},"line":54}},"branchMap":{"0":{"loc":{"start":{"line":1,"column":90},"end":{"line":1,"column":321}},"type":"binary-expr","locations":[{"start":{"line":1,"column":90},"end":{"line":1,"column":103}},{"start":{"line":1,"column":107},"end":{"line":1,"column":321}}],"line":1},"1":{"loc":{"start":{"line":1,"column":221},"end":{"line":1,"column":304}},"type":"if","locations":[{"start":{"line":1,"column":221},"end":{"line":1,"column":304}},{"start":{"line":1,"column":221},"end":{"line":1,"column":304}}],"line":1},"2":{"loc":{"start":{"line":33,"column":596},"end":{"line":33,"column":812}},"type":"if","locations":[{"start":{"line":33,"column":596},"end":{"line":33,"column":812}},{"start":{"line":33,"column":596},"end":{"line":33,"column":812}}],"line":33},"3":{"loc":{"start":{"line":33,"column":600},"end":{"line":33,"column":621}},"type":"binary-expr","locations":[{"start":{"line":33,"column":600},"end":{"line":33,"column":603}},{"start":{"line":33,"column":607},"end":{"line":33,"column":621}}],"line":33},"4":{"loc":{"start":{"line":33,"column":659},"end":{"line":33,"column":776}},"type":"if","locations":[{"start":{"line":33,"column":659},"end":{"line":33,"column":776}},{"start":{"line":33,"column":659},"end":{"line":33,"column":776}}],"line":33},"5":{"loc":{"start":{"line":33,"column":699},"end":{"line":33,"column":774}},"type":"if","locations":[{"start":{"line":33,"column":699},"end":{"line":33,"column":774}},{"start":{"line":33,"column":699},"end":{"line":33,"column":774}}],"line":33},"6":{"loc":{"start":{"line":33,"column":858},"end":{"line":33,"column":904}},"type":"cond-expr","locations":[{"start":{"line":33,"column":882},"end":{"line":33,"column":885}},{"start":{"line":33,"column":888},"end":{"line":33,"column":904}}],"line":33},"7":{"loc":{"start":{"line":33,"column":858},"end":{"line":33,"column":879}},"type":"binary-expr","locations":[{"start":{"line":33,"column":858},"end":{"line":33,"column":861}},{"start":{"line":33,"column":865},"end":{"line":33,"column":879}}],"line":33},"8":{"loc":{"start":{"line":37,"column":6},"end":{"line":48,"column":7}},"type":"if","locations":[{"start":{"line":37,"column":6},"end":{"line":48,"column":7}},{"start":{"line":37,"column":6},"end":{"line":48,"column":7}}],"line":37},"9":{"loc":{"start":{"line":38,"column":8},"end":{"line":47,"column":9}},"type":"if","locations":[{"start":{"line":38,"column":8},"end":{"line":47,"column":9}},{"start":{"line":38,"column":8},"end":{"line":47,"column":9}}],"line":38},"10":{"loc":{"start":{"line":39,"column":8},"end":{"line":42,"column":59}},"type":"binary-expr","locations":[{"start":{"line":39,"column":8},"end":{"line":39,"column":26}},{"start":{"line":40,"column":8},"end":{"line":40,"column":34}},{"start":{"line":41,"column":8},"end":{"line":41,"column":41}},{"start":{"line":42,"column":8},"end":{"line":42,"column":59}}],"line":39}},"s":{"0":2,"1":2,"2":0,"3":0,"4":0,"5":0,"6":0,"7":0,"8":2,"9":2,"10":2,"11":2,"12":2,"13":2,"14":2,"15":2,"16":2,"17":2,"18":2,"19":2,"20":2,"21":0,"22":0,"23":0,"24":0,"25":0,"26":0,"27":0,"28":6,"29":1,"30":1,"31":1,"32":1,"33":1,"34":1,"35":1,"36":1,"37":3,"38":6,"39":5,"40":5,"41":1,"42":4,"43":4,"44":2},"f":{"0":0,"1":2,"2":6,"3":1,"4":1,"5":1,"6":1,"7":1,"8":3,"9":6,"10":5,"11":2},"b":{"0":[2,0],"1":[0,0],"2":[2,0],"3":[2,2],"4":[0,0],"5":[0,0],"6":[2,4],"7":[6,6],"8":[5,0],"9":[1,4],"10":[5,5,5,5]},"_coverageSchema":"332fd63041d2c1bcb487cc26dd0d5f7d97098a6c","hash":"9b9adbdf8507ddb28cab4d802a78661dfe929c6a"}
}
