<?xml version="1.0" encoding="UTF-8"?>
<coverage generated="1507135600514" clover="3.2.0">
  <project timestamp="1507135600514" name="All files">
    <metrics statements="14" coveredstatements="14" conditionals="28" coveredconditionals="18" methods="14" coveredmethods="12" elements="56" coveredelements="44" complexity="0" loc="14" ncloc="14" packages="2" files="2" classes="2">
      <package name="src">
        <metrics statements="3" coveredstatements="3" conditionals="4" coveredconditionals="3" methods="2" coveredmethods="1"/>
        <file name="main.js" path="/Users/slavek/seznam/IMA.js/plugin-select/src/main.js">
          <metrics statements="3" coveredstatements="3" conditionals="4" coveredconditionals="3" methods="2" coveredmethods="1"/>
          <line num="1" count="1" type="cond" truecount="3" falsecount="1"/>
          <line num="9" count="1" type="stmt"/>
          <line num="11" count="1" type="stmt"/>
        </file>
      </package>
      <package name="src.select">
        <metrics statements="11" coveredstatements="11" conditionals="24" coveredconditionals="15" methods="12" coveredmethods="11"/>
        <file name="select.jsx" path="/Users/slavek/seznam/IMA.js/plugin-select/src/select/select.jsx">
          <metrics statements="11" coveredstatements="11" conditionals="24" coveredconditionals="15" methods="12" coveredmethods="11"/>
          <line num="1" count="2" type="cond" truecount="1" falsecount="3"/>
          <line num="7" count="2" type="stmt"/>
          <line num="33" count="6" type="cond" truecount="7" falsecount="5"/>
          <line num="34" count="3" type="stmt"/>
          <line num="36" count="6" type="stmt"/>
          <line num="37" count="5" type="cond" truecount="1" falsecount="1"/>
          <line num="38" count="5" type="cond" truecount="6" falsecount="0"/>
          <line num="43" count="1" type="stmt"/>
          <line num="46" count="4" type="stmt"/>
          <line num="48" count="4" type="stmt"/>
          <line num="52" count="2" type="stmt"/>
        </file>
      </package>
    </metrics>
  </project>
</coverage>
