TN:
SF:/Users/slavek/seznam/IMA.js/plugin-select/src/main.js
FN:1,_interopRequireDefault
FN:3,$registerImaPlugin
FNF:2
FNH:1
FNDA:1,_interopRequireDefault
FNDA:0,$registerImaPlugin
DA:1,1
DA:9,1
DA:11,1
LF:3
LH:3
BRDA:1,0,0,1
BRDA:1,0,1,0
BRDA:1,1,0,1
BRDA:1,1,1,1
BRF:4
BRH:3
end_of_record
TN:
SF:/Users/slavek/seznam/IMA.js/plugin-select/src/select/select.jsx
FN:1,(anonymous_0)
FN:33,_interopRequireWildcard
FN:33,_interopRequireDefault
FN:33,select
FN:33,(anonymous_4)
FN:33,(anonymous_5)
FN:33,(anonymous_6)
FN:33,(anonymous_7)
FN:33,createStateSelector
FN:35,(anonymous_9)
FN:36,(anonymous_10)
FN:51,(anonymous_11)
FNF:12
FNH:11
FNDA:0,(anonymous_0)
FNDA:2,_interopRequireWildcard
FNDA:6,_interopRequireDefault
FNDA:1,select
FNDA:1,(anonymous_4)
FNDA:3,(anonymous_5)
FNDA:1,(anonymous_6)
FNDA:1,(anonymous_7)
FNDA:3,createStateSelector
FNDA:6,(anonymous_9)
FNDA:5,(anonymous_10)
FNDA:2,(anonymous_11)
DA:1,2
DA:7,2
DA:33,6
DA:34,3
DA:36,6
DA:37,5
DA:38,5
DA:43,1
DA:46,4
DA:48,4
DA:52,2
LF:11
LH:11
BRDA:1,0,0,2
BRDA:1,0,1,0
BRDA:1,1,0,0
BRDA:1,1,1,0
BRDA:33,2,0,2
BRDA:33,2,1,0
BRDA:33,3,0,2
BRDA:33,3,1,2
BRDA:33,4,0,0
BRDA:33,4,1,0
BRDA:33,5,0,0
BRDA:33,5,1,0
BRDA:33,6,0,2
BRDA:33,6,1,4
BRDA:33,7,0,6
BRDA:33,7,1,6
BRDA:37,8,0,5
BRDA:37,8,1,0
BRDA:38,9,0,1
BRDA:38,9,1,4
BRDA:38,10,0,5
BRDA:38,10,1,5
BRDA:38,10,2,5
BRDA:38,10,3,5
BRF:24
BRH:15
end_of_record
